<?xml version="1.0" encoding="UTF-8"?>
<coverage generated="1625624338825" clover="3.2.0">
  <project timestamp="1625624338826" name="All files">
    <metrics statements="15" coveredstatements="15" conditionals="0" coveredconditionals="0" methods="11" coveredmethods="11" elements="26" coveredelements="26" complexity="0" loc="15" ncloc="15" packages="1" files="6" classes="6"/>
    <file name="arrays.js" path="D:\Programming\JavaScript\platzitest\arrays.js">
      <metrics statements="4" coveredstatements="4" conditionals="0" coveredconditionals="0" methods="2" coveredmethods="2"/>
      <line num="1" count="1" type="stmt"/>
      <line num="2" count="1" type="stmt"/>
      <line num="4" count="3" type="stmt"/>
      <line num="5" count="1" type="stmt"/>
    </file>
    <file name="callbacks.js" path="D:\Programming\JavaScript\platzitest\callbacks.js">
      <metrics statements="1" coveredstatements="1" conditionals="0" coveredconditionals="0" methods="1" coveredmethods="1"/>
      <line num="2" count="1" type="stmt"/>
    </file>
    <file name="numbers.js" path="D:\Programming\JavaScript\platzitest\numbers.js">
      <metrics statements="2" coveredstatements="2" conditionals="0" coveredconditionals="0" methods="1" coveredmethods="1"/>
      <line num="1" count="1" type="stmt"/>
      <line num="2" count="5" type="stmt"/>
    </file>
    <file name="promise.js" path="D:\Programming\JavaScript\platzitest\promise.js">
      <metrics statements="3" coveredstatements="3" conditionals="0" coveredconditionals="0" methods="2" coveredmethods="2"/>
      <line num="3" count="2" type="stmt"/>
      <line num="4" count="4" type="stmt"/>
      <line num="6" count="3" type="stmt"/>
    </file>
    <file name="snapshot.js" path="D:\Programming\JavaScript\platzitest\snapshot.js">
      <metrics statements="1" coveredstatements="1" conditionals="0" coveredconditionals="0" methods="1" coveredmethods="1"/>
      <line num="1" count="1" type="stmt"/>
    </file>
    <file name="true.js" path="D:\Programming\JavaScript\platzitest\true.js">
      <metrics statements="4" coveredstatements="4" conditionals="0" coveredconditionals="0" methods="4" coveredmethods="4"/>
      <line num="1" count="1" type="stmt"/>
      <line num="2" count="1" type="stmt"/>
      <line num="3" count="2" type="stmt"/>
      <line num="4" count="1" type="stmt"/>
    </file>
  </project>
</coverage>
