{"D:\\Programming\\JavaScript\\platzitest\\arrays.js": {"path":"D:\\Programming\\JavaScript\\platzitest\\arrays.js","statementMap":{"0":{"start":{"line":1,"column":15},"end":{"line":1,"column":74}},"1":{"start":{"line":2,"column":15},"end":{"line":2,"column":60}},"2":{"start":{"line":4,"column":27},"end":{"line":4,"column":39}},"3":{"start":{"line":4,"column":33},"end":{"line":4,"column":39}},"4":{"start":{"line":5,"column":27},"end":{"line":5,"column":39}},"5":{"start":{"line":5,"column":33},"end":{"line":5,"column":39}}},"fnMap":{"0":{"name":"(anonymous_0)","decl":{"start":{"line":4,"column":27},"end":{"line":4,"column":28}},"loc":{"start":{"line":4,"column":33},"end":{"line":4,"column":39}},"line":4},"1":{"name":"(anonymous_1)","decl":{"start":{"line":5,"column":27},"end":{"line":5,"column":28}},"loc":{"start":{"line":5,"column":33},"end":{"line":5,"column":39}},"line":5}},"branchMap":{},"s":{"0":1,"1":1,"2":1,"3":3,"4":1,"5":1},"f":{"0":3,"1":1},"b":{},"_coverageSchema":"1a1c01bbd47fc00a2c39e90264f33305004495a9","hash":"b3c629d07b64088b2fa2c80e0b4a0174457587e1"}
,"D:\\Programming\\JavaScript\\platzitest\\callbacks.js": {"path":"D:\\Programming\\JavaScript\\platzitest\\callbacks.js","statementMap":{"0":{"start":{"line":2,"column":4},"end":{"line":2,"column":35}}},"fnMap":{"0":{"name":"callbackHell","decl":{"start":{"line":1,"column":16},"end":{"line":1,"column":28}},"loc":{"start":{"line":1,"column":39},"end":{"line":3,"column":1}},"line":1}},"branchMap":{},"s":{"0":1},"f":{"0":1},"b":{},"_coverageSchema":"1a1c01bbd47fc00a2c39e90264f33305004495a9","hash":"090bb97aa0d88663872326f25d50da1f73809f7a"}
,"D:\\Programming\\JavaScript\\platzitest\\numbers.js": {"path":"D:\\Programming\\JavaScript\\platzitest\\numbers.js","statementMap":{"0":{"start":{"line":1,"column":23},"end":{"line":3,"column":1}},"1":{"start":{"line":2,"column":4},"end":{"line":2,"column":17}}},"fnMap":{"0":{"name":"(anonymous_0)","decl":{"start":{"line":1,"column":23},"end":{"line":1,"column":24}},"loc":{"start":{"line":1,"column":33},"end":{"line":3,"column":1}},"line":1}},"branchMap":{},"s":{"0":1,"1":5},"f":{"0":5},"b":{},"_coverageSchema":"1a1c01bbd47fc00a2c39e90264f33305004495a9","hash":"54a30e65669e9cf91c51f9be171e9d9fe5c83710"}
,"D:\\Programming\\JavaScript\\platzitest\\promise.js": {"path":"D:\\Programming\\JavaScript\\platzitest\\promise.js","statementMap":{"0":{"start":{"line":3,"column":30},"end":{"line":8,"column":1}},"1":{"start":{"line":4,"column":4},"end":{"line":7,"column":11}},"2":{"start":{"line":6,"column":12},"end":{"line":6,"column":24}}},"fnMap":{"0":{"name":"(anonymous_0)","decl":{"start":{"line":3,"column":30},"end":{"line":3,"column":31}},"loc":{"start":{"line":3,"column":39},"end":{"line":8,"column":1}},"line":3},"1":{"name":"(anonymous_1)","decl":{"start":{"line":5,"column":14},"end":{"line":5,"column":15}},"loc":{"start":{"line":5,"column":28},"end":{"line":7,"column":9}},"line":5}},"branchMap":{},"s":{"0":2,"1":4,"2":3},"f":{"0":4,"1":3},"b":{},"_coverageSchema":"1a1c01bbd47fc00a2c39e90264f33305004495a9","hash":"3c96c27420dbb1ec54bfcc7dc23d24e7cc3c103f"}
,"D:\\Programming\\JavaScript\\platzitest\\snapshot.js": {"path":"D:\\Programming\\JavaScript\\platzitest\\snapshot.js","statementMap":{"0":{"start":{"line":1,"column":28},"end":{"line":6,"column":2}},"1":{"start":{"line":1,"column":39},"end":{"line":6,"column":1}}},"fnMap":{"0":{"name":"(anonymous_0)","decl":{"start":{"line":1,"column":28},"end":{"line":1,"column":29}},"loc":{"start":{"line":1,"column":39},"end":{"line":6,"column":1}},"line":1}},"branchMap":{},"s":{"0":1,"1":1},"f":{"0":1},"b":{},"_coverageSchema":"1a1c01bbd47fc00a2c39e90264f33305004495a9","hash":"5696e1975560c8019261aaa9c60a15361a2554f6"}
,"D:\\Programming\\JavaScript\\platzitest\\true.js": {"path":"D:\\Programming\\JavaScript\\platzitest\\true.js","statementMap":{"0":{"start":{"line":1,"column":22},"end":{"line":1,"column":32}},"1":{"start":{"line":1,"column":28},"end":{"line":1,"column":32}},"2":{"start":{"line":2,"column":22},"end":{"line":2,"column":32}},"3":{"start":{"line":2,"column":28},"end":{"line":2,"column":32}},"4":{"start":{"line":3,"column":23},"end":{"line":3,"column":34}},"5":{"start":{"line":3,"column":29},"end":{"line":3,"column":34}},"6":{"start":{"line":4,"column":27},"end":{"line":4,"column":42}},"7":{"start":{"line":4,"column":33},"end":{"line":4,"column":42}}},"fnMap":{"0":{"name":"(anonymous_0)","decl":{"start":{"line":1,"column":22},"end":{"line":1,"column":23}},"loc":{"start":{"line":1,"column":28},"end":{"line":1,"column":32}},"line":1},"1":{"name":"(anonymous_1)","decl":{"start":{"line":2,"column":22},"end":{"line":2,"column":23}},"loc":{"start":{"line":2,"column":28},"end":{"line":2,"column":32}},"line":2},"2":{"name":"(anonymous_2)","decl":{"start":{"line":3,"column":23},"end":{"line":3,"column":24}},"loc":{"start":{"line":3,"column":29},"end":{"line":3,"column":34}},"line":3},"3":{"name":"(anonymous_3)","decl":{"start":{"line":4,"column":27},"end":{"line":4,"column":28}},"loc":{"start":{"line":4,"column":33},"end":{"line":4,"column":42}},"line":4}},"branchMap":{},"s":{"0":1,"1":1,"2":1,"3":1,"4":1,"5":2,"6":1,"7":1},"f":{"0":1,"1":1,"2":2,"3":1},"b":{},"_coverageSchema":"1a1c01bbd47fc00a2c39e90264f33305004495a9","hash":"9af6db9d090fe5894d192f4ce0dc859745a0c427"}
}
